<?xml version="1.0" encoding="UTF-8"?>
<testsuite xmlns:xsi="http://www.w3.org/2001/XMLSchema-instance" xsi:noNamespaceSchemaLocation="https://maven.apache.org/surefire/maven-surefire-plugin/xsd/surefire-test-report.xsd" version="3.0.2" name="com.smart.safais.SafaisApplicationTests" time="9.605" tests="1" errors="0" skipped="0" failures="0">
  <properties>
[...]
</properties>
  <testcase name="contextLoads" classname="com.smart.safais.SafaisApplicationTests" time="1.293">
    <system-out><![CDATA[11:11:52.340 [main] INFO org.springframework.test.context.support.AnnotationConfigContextLoaderUtils -- Could not detect default configuration classes for test class [com.smart.safais.SafaisApplicationTests]: SafaisApplicationTests does not declare any static, non-private, non-final, nested classes annotated with @Configuration.
11:11:52.542 [main] INFO org.springframework.boot.test.context.SpringBootTestContextBootstrapper -- Found @SpringBootConfiguration com.smart.safais.SafaisApplication for test class com.smart.safais.SafaisApplicationTests

  .   ____          _            __ _ _
 /\\ / ___'_ __ _ _(_)_ __  __ _ \ \ \ \
( ( )\___ | '_ | '_| | '_ \/ _` | \ \ \ \
 \\/  ___)| |_)| | | | | || (_| |  ) ) ) )
  '  |____| .__|_| |_|_| |_\__, | / / / /
 =========|_|==============|___/=/_/_/_/

 :: Spring Boot ::                (v3.5.4)

2025-07-26T11:11:54.212+03:00  INFO 127969 --- [safais] [           main] c.smart.safais.SafaisApplicationTests    : Starting SafaisApplicationTests using Java 17.0.15 with PID 127969 (started by ramah in /home/ramah/Documents/smart_safari/backEnd)
2025-07-26T11:11:54.226+03:00  INFO 127969 --- [safais] [           main] c.smart.safais.SafaisApplicationTests    : No active profile set, falling back to 1 default profile: "default"
2025-07-26T11:11:55.415+03:00  INFO 127969 --- [safais] [           main] .s.d.r.c.RepositoryConfigurationDelegate : Bootstrapping Spring Data JPA repositories in DEFAULT mode.
2025-07-26T11:11:55.546+03:00  INFO 127969 --- [safais] [           main] .s.d.r.c.RepositoryConfigurationDelegate : Finished Spring Data repository scanning in 115 ms. Found 5 JPA repository interfaces.
2025-07-26T11:11:56.111+03:00  INFO 127969 --- [safais] [           main] o.hibernate.jpa.internal.util.LogHelper  : HHH000204: Processing PersistenceUnitInfo [name: default]
2025-07-26T11:11:56.165+03:00  INFO 127969 --- [safais] [           main] org.hibernate.Version                    : HHH000412: Hibernate ORM core version 6.6.22.Final
2025-07-26T11:11:56.240+03:00  INFO 127969 --- [safais] [           main] o.h.c.internal.RegionFactoryInitiator    : HHH000026: Second-level cache disabled
2025-07-26T11:11:56.594+03:00  INFO 127969 --- [safais] [           main] o.s.o.j.p.SpringPersistenceUnitInfo      : No LoadTimeWeaver setup: ignoring JPA class transformer
2025-07-26T11:11:56.654+03:00  INFO 127969 --- [safais] [           main] com.zaxxer.hikari.HikariDataSource       : HikariPool-1 - Starting...
2025-07-26T11:11:56.883+03:00  INFO 127969 --- [safais] [           main] com.zaxxer.hikari.pool.HikariPool        : HikariPool-1 - Added connection com.mysql.cj.jdbc.ConnectionImpl@2a19a0fe
2025-07-26T11:11:56.886+03:00  INFO 127969 --- [safais] [           main] com.zaxxer.hikari.HikariDataSource       : HikariPool-1 - Start completed.
2025-07-26T11:11:56.916+03:00  WARN 127969 --- [safais] [           main] org.hibernate.orm.deprecation            : HHH90000025: MySQL8Dialect does not need to be specified explicitly using 'hibernate.dialect' (remove the property setting and it will be selected by default)
2025-07-26T11:11:56.917+03:00  WARN 127969 --- [safais] [           main] org.hibernate.orm.deprecation            : HHH90000026: MySQL8Dialect has been deprecated; use org.hibernate.dialect.MySQLDialect instead
2025-07-26T11:11:56.947+03:00  INFO 127969 --- [safais] [           main] org.hibernate.orm.connections.pooling    : HHH10001005: Database info:
	Database JDBC URL [Connecting through datasource 'HikariDataSource (HikariPool-1)']
	Database driver: undefined/unknown
	Database version: 8.0
	Autocommit mode: undefined/unknown
	Isolation level: undefined/unknown
	Minimum pool size: undefined/unknown
	Maximum pool size: undefined/unknown
2025-07-26T11:11:58.235+03:00  INFO 127969 --- [safais] [           main] o.h.e.t.j.p.i.JtaPlatformInitiator       : HHH000489: No JTA platform available (set 'hibernate.transaction.jta.platform' to enable JTA platform integration)
2025-07-26T11:11:59.092+03:00  INFO 127969 --- [safais] [           main] j.LocalContainerEntityManagerFactoryBean : Initialized JPA EntityManagerFactory for persistence unit 'default'
2025-07-26T11:11:59.750+03:00  WARN 127969 --- [safais] [           main] JpaBaseConfiguration$JpaWebConfiguration : spring.jpa.open-in-view is enabled by default. Therefore, database queries may be performed during view rendering. Explicitly configure spring.jpa.open-in-view to disable this warning
2025-07-26T11:12:00.356+03:00  INFO 127969 --- [safais] [           main] c.smart.safais.SafaisApplicationTests    : Started SafaisApplicationTests in 7.411 seconds (process running for 9.171)
]]></system-out>
  </testcase>
</testsuite>